2019-06-27 11:46:14	user01	1994-02-08	서울시	서초구	2	2018-02-01	1	57	양버즘나무+은행나무	1.8
2019-06-27 11:46:15	user01	1994-02-08	서울시	서초구	2	2018-02-01	1	58	은행나무	2.4
2019-06-27 11:46:17	user01	1994-02-08	서울시	서초구	2	2018-02-01	1	59	은행나무	4.3
2019-06-27 11:46:18	user01	1994-02-08	서울시	서초구	2	2018-02-01	1	60	느티나무	8.5
2019-06-27 11:46:19	user01	1994-02-08	서울시	서초구	2	2018-02-01	1	61	은행나무	2.4
2019-06-27 11:46:20	user01	1994-02-08	서울시	서초구	2	2018-02-01	1	62	느티나무	1.06
2019-06-27 11:46:21	user01	1994-02-08	서울시	서초구	2	2018-02-01	1	59	은행나무	4.3
2019-06-27 11:46:22	user01	1994-02-08	서울시	서초구	2	2018-02-01	1	58	은행나무	2.4
2019-06-27 11:46:23	user01	1994-02-08	서울시	서초구	2	2018-02-01	1	64	양버즘나무	0.78
2019-06-27 11:46:24	user01	1994-02-08	서울시	서초구	2	2018-02-01	1	65	느티나무	0.35
2019-06-27 11:46:26	user01	1994-02-08	서울시	서초구	2	2018-02-01	1	71	은행나무	2.4
2019-06-27 11:46:27	user01	1994-02-08	서울시	서초구	2	2018-02-01	1	70	느티나무	8.5
2019-06-27 11:46:28	user01	1994-02-08	서울시	서초구	2	2018-02-01	1	72	느티나무	1.06
2019-06-27 11:46:29	user01	1994-02-08	서울시	서초구	2	2018-02-01	1	66	느티나무	0.48
2019-06-27 11:46:31	user01	1994-02-08	서울시	서초구	2	2018-02-01	1	67	양버즘나무	0.64
2019-06-27 11:46:32	user01	1994-02-08	서울시	서초구	2	2018-02-01	1	68	느티나무	0.4
2019-06-27 11:46:33	user01	1994-02-08	서울시	서초구	2	2018-02-01	1	63	은행나무	0.89
2019-06-27 11:46:34	user01	1994-02-08	서울시	서초구	2	2018-02-01	1	69	은행나무	4.3
2019-06-27 11:46:35	user01	1994-02-08	서울시	서초구	2	2018-02-01	1	64	양버즘나무	0.78
2019-06-27 11:46:36	user01	1994-02-08	서울시	서초구	2	2018-02-01	1	70	느티나무	8.5
2019-06-27 11:46:38	user01	1994-02-08	서울시	서초구	2	2018-02-01	1	58	은행나무	2.4
2019-06-27 11:46:39	user01	1994-02-08	서울시	서초구	2	2018-02-01	1	59	은행나무	4.3
2019-06-27 11:46:40	user01	1994-02-08	서울시	서초구	2	2018-02-01	1	65	느티나무	0.35
2019-06-27 11:46:41	user01	1994-02-08	서울시	서초구	2	2018-02-01	1	60	느티나무	8.5
2019-06-27 11:46:42	user01	1994-02-08	서울시	서초구	2	2018-02-01	1	66	느티나무	0.48
2019-06-27 11:46:43	user01	1994-02-08	서울시	서초구	2	2018-02-01	1	61	은행나무	2.4
2019-06-27 11:46:44	user01	1994-02-08	서울시	서초구	2	2018-02-01	1	67	양버즘나무	0.64
2019-06-27 11:46:45	user01	1994-02-08	서울시	서초구	2	2018-02-01	1	62	느티나무	1.06
2019-06-27 11:46:46	user01	1994-02-08	서울시	서초구	2	2018-02-01	1	68	느티나무	0.4
2019-06-27 11:46:47	user01	1994-02-08	서울시	서초구	2	2018-02-01	1	57	양버즘나무+은행나무	1.8
2019-06-27 11:46:48	user01	1994-02-08	서울시	서초구	2	2018-02-01	1	58	은행나무	2.4
2019-06-27 11:46:49	user01	1994-02-08	서울시	서초구	2	2018-02-01	1	59	은행나무	4.3
2019-06-27 11:46:51	user01	1994-02-08	서울시	서초구	2	2018-02-01	1	71	은행나무	2.4
2019-06-27 11:46:52	user01	1994-02-08	서울시	서초구	2	2018-02-01	1	72	느티나무	1.06
2019-06-27 11:46:53	user01	1994-02-08	서울시	서초구	2	2018-02-01	1	65	느티나무	0.35
2019-06-27 11:46:54	user01	1994-02-08	서울시	서초구	2	2018-02-01	1	64	양버즘나무	0.78
2019-06-27 11:46:55	user01	1994-02-08	서울시	서초구	2	2018-02-01	1	58	은행나무	2.4
2019-06-27 11:46:57	user01	1994-02-08	서울시	서초구	2	2018-02-01	1	65	느티나무	0.35
2019-06-27 11:46:58	user01	1994-02-08	서울시	서초구	2	2018-02-01	1	66	느티나무	0.48
2019-06-27 11:46:59	user01	1994-02-08	서울시	서초구	2	2018-02-01	1	67	양버즘나무	0.64
2019-06-27 11:47:00	user01	1994-02-08	서울시	서초구	2	2018-02-01	1	71	은행나무	2.4
2019-06-27 11:47:01	user01	1994-02-08	서울시	서초구	2	2018-02-01	1	72	느티나무	1.06
2019-06-27 11:47:02	user01	1994-02-08	서울시	서초구	2	2018-02-01	1	70	느티나무	8.5
2019-06-27 11:47:03	user01	1994-02-08	서울시	서초구	2	2018-02-01	1	69	은행나무	4.3
2019-06-27 11:47:04	user01	1994-02-08	서울시	서초구	2	2018-02-01	1	64	양버즘나무	0.78
2019-06-27 11:47:05	user01	1994-02-08	서울시	서초구	2	2018-02-01	1	63	은행나무	0.89
2019-06-27 11:47:06	user01	1994-02-08	서울시	서초구	2	2018-02-01	1	58	은행나무	2.4
2019-06-27 11:47:07	user01	1994-02-08	서울시	서초구	2	2018-02-01	1	59	은행나무	4.3
2019-06-27 11:47:08	user01	1994-02-08	서울시	서초구	2	2018-02-01	1	60	느티나무	8.5
2019-06-27 11:47:09	user01	1994-02-08	서울시	서초구	2	2018-02-01	1	58	은행나무	2.4
2019-06-27 11:47:10	user01	1994-02-08	서울시	서초구	2	2018-02-01	1	60	느티나무	8.5
2019-06-27 11:47:12	user01	1994-02-08	서울시	서초구	2	2018-02-01	1	65	느티나무	0.35
2019-06-27 11:47:13	user01	1994-02-08	서울시	서초구	2	2018-02-01	1	64	양버즘나무	0.78
2019-06-27 11:47:14	user01	1994-02-08	서울시	서초구	2	2018-02-01	1	58	은행나무	2.4
2019-06-27 11:47:15	user01	1994-02-08	서울시	서초구	2	2018-02-01	1	58	은행나무	2.4
2019-06-27 11:47:16	user01	1994-02-08	서울시	서초구	2	2018-02-01	1	58	은행나무	2.4
2019-06-27 11:47:17	user01	1994-02-08	서울시	서초구	2	2018-02-01	1	59	은행나무	4.3
2019-06-27 11:47:18	user01	1994-02-08	서울시	서초구	2	2018-02-01	1	60	느티나무	8.5
2019-06-27 11:47:19	user01	1994-02-08	서울시	서초구	2	2018-02-01	1	66	느티나무	0.48
2019-06-27 11:47:39	user03	1997-03-03	서울	마포구	3	2018-02-01	1	57	양버즘나무+은행나무	1.8
2019-06-27 11:47:40	user03	1997-03-03	서울	마포구	3	2018-02-01	1	58	은행나무	2.4
2019-06-27 11:47:41	user03	1997-03-03	서울	마포구	3	2018-02-01	1	59	은행나무	4.3
2019-06-27 11:47:41	user03	1997-03-03	서울	마포구	3	2018-02-01	1	60	느티나무	8.5
2019-06-27 11:47:42	user03	1997-03-03	서울	마포구	3	2018-02-01	1	66	느티나무	0.48
2019-06-27 11:47:43	user03	1997-03-03	서울	마포구	3	2018-02-01	1	65	느티나무	0.35
2019-06-27 11:47:44	user03	1997-03-03	서울	마포구	3	2018-02-01	1	64	양버즘나무	0.78
2019-06-27 11:47:45	user03	1997-03-03	서울	마포구	3	2018-02-01	1	63	은행나무	0.89
2019-06-27 11:47:46	user03	1997-03-03	서울	마포구	3	2018-02-01	1	69	은행나무	4.3
2019-06-27 11:47:47	user03	1997-03-03	서울	마포구	3	2018-02-01	1	70	느티나무	8.5
2019-06-27 11:47:48	user03	1997-03-03	서울	마포구	3	2018-02-01	1	71	은행나무	2.4
2019-06-27 11:47:49	user03	1997-03-03	서울	마포구	3	2018-02-01	1	72	느티나무	1.06
2019-06-27 11:47:50	user03	1997-03-03	서울	마포구	3	2018-02-01	1	67	양버즘나무	0.64
2019-06-27 11:47:52	user03	1997-03-03	서울	마포구	3	2018-02-01	1	61	은행나무	2.4
2019-06-27 11:47:53	user03	1997-03-03	서울	마포구	3	2018-02-01	1	62	느티나무	1.06
2019-06-27 11:47:55	user03	1997-03-03	서울	마포구	3	2018-02-01	1	68	느티나무	0.4
2019-06-27 11:47:56	user03	1997-03-03	서울	마포구	3	2018-02-01	1	58	은행나무	2.4
2019-06-27 11:47:57	user03	1997-03-03	서울	마포구	3	2018-02-01	1	59	은행나무	4.3
2019-06-27 11:47:58	user03	1997-03-03	서울	마포구	3	2018-02-01	1	58	은행나무	2.4
2019-06-27 11:47:59	user03	1997-03-03	서울	마포구	3	2018-02-01	1	59	은행나무	4.3
2019-06-27 11:48:00	user03	1997-03-03	서울	마포구	3	2018-02-01	1	65	느티나무	0.35
2019-06-27 11:48:01	user03	1997-03-03	서울	마포구	3	2018-02-01	1	64	양버즘나무	0.78
2019-06-27 11:48:02	user03	1997-03-03	서울	마포구	3	2018-02-01	1	66	느티나무	0.48
2019-06-27 11:48:07	user03	1997-03-03	서울	마포구	3	2018-02-01	1	65	느티나무	0.35
2019-06-27 11:48:12	user03	1997-03-03	서울	마포구	3	2018-02-01	1	71	은행나무	2.4
2019-06-27 11:48:13	user03	1997-03-03	서울	마포구	3	2018-02-01	1	70	느티나무	8.5
2019-06-27 11:48:14	user03	1997-03-03	서울	마포구	3	2018-02-01	1	64	양버즘나무	0.78
2019-06-27 11:48:15	user03	1997-03-03	서울	마포구	3	2018-02-01	1	58	은행나무	2.4
2019-06-27 11:48:17	user03	1997-03-03	서울	마포구	3	2018-02-01	1	63	은행나무	0.89
2019-06-27 11:48:18	user03	1997-03-03	서울	마포구	3	2018-02-01	1	57	양버즘나무+은행나무	1.8
2019-06-27 11:48:19	user03	1997-03-03	서울	마포구	3	2018-02-01	1	69	은행나무	4.3
2019-06-27 11:48:20	user03	1997-03-03	서울	마포구	3	2018-02-01	1	70	느티나무	8.5
2019-06-27 11:48:21	user03	1997-03-03	서울	마포구	3	2018-02-01	1	71	은행나무	2.4
2019-06-27 11:48:22	user03	1997-03-03	서울	마포구	3	2018-02-01	1	72	느티나무	1.06
2019-06-27 11:48:23	user03	1997-03-03	서울	마포구	3	2018-02-01	1	65	느티나무	0.35
2019-06-27 11:48:24	user03	1997-03-03	서울	마포구	3	2018-02-01	1	59	은행나무	4.3
2019-06-27 11:48:25	user03	1997-03-03	서울	마포구	3	2018-02-01	1	58	은행나무	2.4
2019-06-27 11:48:27	user03	1997-03-03	서울	마포구	3	2018-02-01	1	64	양버즘나무	0.78
2019-06-27 11:48:28	user03	1997-03-03	서울	마포구	3	2018-02-01	1	66	느티나무	0.48
2019-06-27 11:48:29	user03	1997-03-03	서울	마포구	3	2018-02-01	1	60	느티나무	8.5
2019-06-27 11:48:30	user03	1997-03-03	서울	마포구	3	2018-02-01	1	61	은행나무	2.4
2019-06-27 11:48:31	user03	1997-03-03	서울	마포구	3	2018-02-01	1	67	양버즘나무	0.64
2019-06-27 11:48:32	user03	1997-03-03	서울	마포구	3	2018-02-01	1	58	은행나무	2.4
2019-06-27 11:48:33	user03	1997-03-03	서울	마포구	3	2018-02-01	1	59	은행나무	4.3
2019-06-27 11:48:34	user03	1997-03-03	서울	마포구	3	2018-02-01	1	58	은행나무	2.4
2019-06-27 11:48:35	user03	1997-03-03	서울	마포구	3	2018-02-01	1	59	은행나무	4.3
2019-06-27 11:48:36	user03	1997-03-03	서울	마포구	3	2018-02-01	1	58	은행나무	2.4
2019-06-27 11:48:37	user03	1997-03-03	서울	마포구	3	2018-02-01	1	64	양버즘나무	0.78
2019-06-27 11:48:39	user03	1997-03-03	서울	마포구	3	2018-02-01	1	65	느티나무	0.35
2019-06-27 11:48:40	user03	1997-03-03	서울	마포구	3	2018-02-01	1	72	느티나무	1.06
2019-06-27 11:48:49	user06	1994-12-30	서울	중랑구	1	2019-06-05	4	58	은행나무	2.4
2019-06-27 11:48:50	user06	1994-12-30	서울	중랑구	1	2019-06-05	4	58	은행나무	2.4
2019-06-27 11:48:51	user06	1994-12-30	서울	중랑구	1	2019-06-05	4	59	은행나무	4.3
2019-06-27 11:48:52	user06	1994-12-30	서울	중랑구	1	2019-06-05	4	65	느티나무	0.35
2019-06-27 11:48:53	user06	1994-12-30	서울	중랑구	1	2019-06-05	4	64	양버즘나무	0.78
2019-06-27 11:48:54	user06	1994-12-30	서울	중랑구	1	2019-06-05	4	57	양버즘나무+은행나무	1.8
2019-06-27 11:48:55	user06	1994-12-30	서울	중랑구	1	2019-06-05	4	63	은행나무	0.89
2019-06-27 11:48:56	user06	1994-12-30	서울	중랑구	1	2019-06-05	4	69	은행나무	4.3
2019-06-27 11:48:57	user06	1994-12-30	서울	중랑구	1	2019-06-05	4	70	느티나무	8.5
2019-06-27 11:48:59	user06	1994-12-30	서울	중랑구	1	2019-06-05	4	71	은행나무	2.4
2019-06-27 11:49:01	user06	1994-12-30	서울	중랑구	1	2019-06-05	4	72	느티나무	1.06
2019-06-27 11:49:02	user06	1994-12-30	서울	중랑구	1	2019-06-05	4	66	느티나무	0.48
2019-06-27 11:49:03	user06	1994-12-30	서울	중랑구	1	2019-06-05	4	60	느티나무	8.5
2019-06-27 11:49:04	user06	1994-12-30	서울	중랑구	1	2019-06-05	4	61	은행나무	2.4
2019-06-27 11:49:05	user06	1994-12-30	서울	중랑구	1	2019-06-05	4	62	느티나무	1.06
2019-06-27 11:49:05	user06	1994-12-30	서울	중랑구	1	2019-06-05	4	68	느티나무	0.4
2019-06-27 11:49:07	user06	1994-12-30	서울	중랑구	1	2019-06-05	4	67	양버즘나무	0.64
2019-06-27 11:49:08	user06	1994-12-30	서울	중랑구	1	2019-06-05	4	61	은행나무	2.4
2019-06-27 11:49:09	user06	1994-12-30	서울	중랑구	1	2019-06-05	4	60	느티나무	8.5
2019-06-27 11:49:10	user06	1994-12-30	서울	중랑구	1	2019-06-05	4	59	은행나무	4.3
2019-06-27 11:49:11	user06	1994-12-30	서울	중랑구	1	2019-06-05	4	58	은행나무	2.4
2019-06-27 11:49:12	user06	1994-12-30	서울	중랑구	1	2019-06-05	4	58	은행나무	2.4
2019-06-27 11:49:13	user06	1994-12-30	서울	중랑구	1	2019-06-05	4	59	은행나무	4.3
2019-06-27 11:49:14	user06	1994-12-30	서울	중랑구	1	2019-06-05	4	58	은행나무	2.4
2019-06-27 11:49:15	user06	1994-12-30	서울	중랑구	1	2019-06-05	4	64	양버즘나무	0.78
2019-06-27 11:49:17	user06	1994-12-30	서울	중랑구	1	2019-06-05	4	65	느티나무	0.35
2019-06-27 11:49:18	user06	1994-12-30	서울	중랑구	1	2019-06-05	4	70	느티나무	8.5
2019-06-27 11:49:19	user06	1994-12-30	서울	중랑구	1	2019-06-05	4	64	양버즘나무	0.78
2019-06-27 11:49:20	user06	1994-12-30	서울	중랑구	1	2019-06-05	4	58	은행나무	2.4
2019-06-27 11:49:22	user06	1994-12-30	서울	중랑구	1	2019-06-05	4	59	은행나무	4.3
2019-06-27 11:49:23	user06	1994-12-30	서울	중랑구	1	2019-06-05	4	66	느티나무	0.48
2019-06-27 11:49:24	user06	1994-12-30	서울	중랑구	1	2019-06-05	4	72	느티나무	1.06
2019-06-27 11:49:25	user06	1994-12-30	서울	중랑구	1	2019-06-05	4	67	양버즘나무	0.64
2019-06-27 11:49:26	user06	1994-12-30	서울	중랑구	1	2019-06-05	4	61	은행나무	2.4
2019-06-27 11:49:28	user06	1994-12-30	서울	중랑구	1	2019-06-05	4	58	은행나무	2.4
2019-06-27 11:49:29	user06	1994-12-30	서울	중랑구	1	2019-06-05	4	59	은행나무	4.3
2019-06-27 11:49:30	user06	1994-12-30	서울	중랑구	1	2019-06-05	4	64	양버즘나무	0.78
2019-06-27 11:49:31	user06	1994-12-30	서울	중랑구	1	2019-06-05	4	70	느티나무	8.5
2019-06-27 11:49:32	user06	1994-12-30	서울	중랑구	1	2019-06-05	4	63	은행나무	0.89
2019-06-27 11:49:45	user02	1987-08-08	서울	중랑구	1	2018-02-07	2	57	양버즘나무+은행나무	1.8
2019-06-27 11:49:46	user02	1987-08-08	서울	중랑구	1	2018-02-07	2	58	은행나무	2.4
2019-06-27 11:49:47	user02	1987-08-08	서울	중랑구	1	2018-02-07	2	59	은행나무	4.3
2019-06-27 11:49:48	user02	1987-08-08	서울	중랑구	1	2018-02-07	2	60	느티나무	8.5
2019-06-27 11:49:49	user02	1987-08-08	서울	중랑구	1	2018-02-07	2	61	은행나무	2.4
2019-06-27 11:49:50	user02	1987-08-08	서울	중랑구	1	2018-02-07	2	62	느티나무	1.06
2019-06-27 11:49:51	user02	1987-08-08	서울	중랑구	1	2018-02-07	2	68	느티나무	0.4
2019-06-27 11:49:52	user02	1987-08-08	서울	중랑구	1	2018-02-07	2	67	양버즘나무	0.64
2019-06-27 11:49:53	user02	1987-08-08	서울	중랑구	1	2018-02-07	2	66	느티나무	0.48
2019-06-27 11:49:55	user02	1987-08-08	서울	중랑구	1	2018-02-07	2	65	느티나무	0.35
2019-06-27 11:49:56	user02	1987-08-08	서울	중랑구	1	2018-02-07	2	64	양버즘나무	0.78
2019-06-27 11:49:57	user02	1987-08-08	서울	중랑구	1	2018-02-07	2	63	은행나무	0.89
2019-06-27 11:49:58	user02	1987-08-08	서울	중랑구	1	2018-02-07	2	69	은행나무	4.3
2019-06-27 11:49:59	user02	1987-08-08	서울	중랑구	1	2018-02-07	2	70	느티나무	8.5
2019-06-27 11:50:00	user02	1987-08-08	서울	중랑구	1	2018-02-07	2	71	은행나무	2.4
2019-06-27 11:50:01	user02	1987-08-08	서울	중랑구	1	2018-02-07	2	72	느티나무	1.06
2019-06-27 11:50:03	user02	1987-08-08	서울	중랑구	1	2018-02-07	2	60	느티나무	8.5
2019-06-27 11:50:04	user02	1987-08-08	서울	중랑구	1	2018-02-07	2	61	은행나무	2.4
2019-06-27 11:50:05	user02	1987-08-08	서울	중랑구	1	2018-02-07	2	61	은행나무	2.4
2019-06-27 11:50:07	user02	1987-08-08	서울	중랑구	1	2018-02-07	2	60	느티나무	8.5
2019-06-27 11:50:08	user02	1987-08-08	서울	중랑구	1	2018-02-07	2	66	느티나무	0.48
2019-06-27 11:50:09	user02	1987-08-08	서울	중랑구	1	2018-02-07	2	67	양버즘나무	0.64
2019-06-27 11:50:10	user02	1987-08-08	서울	중랑구	1	2018-02-07	2	66	느티나무	0.48
2019-06-27 11:50:11	user02	1987-08-08	서울	중랑구	1	2018-02-07	2	65	느티나무	0.35
2019-06-27 11:50:12	user02	1987-08-08	서울	중랑구	1	2018-02-07	2	64	양버즘나무	0.78
2019-06-27 11:50:13	user02	1987-08-08	서울	중랑구	1	2018-02-07	2	65	느티나무	0.35
2019-06-27 11:50:14	user02	1987-08-08	서울	중랑구	1	2018-02-07	2	64	양버즘나무	0.78
2019-06-27 11:50:16	user02	1987-08-08	서울	중랑구	1	2018-02-07	2	70	느티나무	8.5
2019-06-27 11:50:17	user02	1987-08-08	서울	중랑구	1	2018-02-07	2	64	양버즘나무	0.78
2019-06-27 11:50:18	user02	1987-08-08	서울	중랑구	1	2018-02-07	2	63	은행나무	0.89
2019-06-27 11:50:19	user02	1987-08-08	서울	중랑구	1	2018-02-07	2	57	양버즘나무+은행나무	1.8
2019-06-27 11:50:20	user02	1987-08-08	서울	중랑구	1	2018-02-07	2	69	은행나무	4.3
2019-06-27 11:50:22	user02	1987-08-08	서울	중랑구	1	2018-02-07	2	64	양버즘나무	0.78
2019-06-27 11:50:23	user02	1987-08-08	서울	중랑구	1	2018-02-07	2	71	은행나무	2.4
2019-06-27 11:50:24	user02	1987-08-08	서울	중랑구	1	2018-02-07	2	65	느티나무	0.35
2019-06-27 11:50:25	user02	1987-08-08	서울	중랑구	1	2018-02-07	2	64	양버즘나무	0.78
2019-06-27 11:50:26	user02	1987-08-08	서울	중랑구	1	2018-02-07	2	65	느티나무	0.35
2019-06-27 11:50:27	user02	1987-08-08	서울	중랑구	1	2018-02-07	2	64	양버즘나무	0.78
2019-06-27 11:50:29	user02	1987-08-08	서울	중랑구	1	2018-02-07	2	66	느티나무	0.48
2019-06-27 11:50:30	user02	1987-08-08	서울	중랑구	1	2018-02-07	2	67	양버즘나무	0.64
2019-06-27 11:50:31	user02	1987-08-08	서울	중랑구	1	2018-02-07	2	64	양버즘나무	0.78
2019-06-27 11:50:33	user02	1987-08-08	서울	중랑구	1	2018-02-07	2	64	양버즘나무	0.78
2019-06-27 11:50:34	user02	1987-08-08	서울	중랑구	1	2018-02-07	2	64	양버즘나무	0.78
2019-06-27 11:50:35	user02	1987-08-08	서울	중랑구	1	2018-02-07	2	64	양버즘나무	0.78
2019-06-27 11:50:36	user02	1987-08-08	서울	중랑구	1	2018-02-07	2	64	양버즘나무	0.78
2019-06-27 11:50:38	user02	1987-08-08	서울	중랑구	1	2018-02-07	2	71	은행나무	2.4
2019-06-27 11:50:40	user02	1987-08-08	서울	중랑구	1	2018-02-07	2	70	느티나무	8.5
2019-06-27 11:50:41	user02	1987-08-08	서울	중랑구	1	2018-02-07	2	70	느티나무	8.5
2019-06-27 11:50:50	user05	1986-05-05	서울	강북구	3	2018-01-01	2	58	은행나무	2.4
2019-06-27 11:50:51	user05	1986-05-05	서울	강북구	3	2018-01-01	2	57	양버즘나무+은행나무	1.8
2019-06-27 11:50:52	user05	1986-05-05	서울	강북구	3	2018-01-01	2	59	은행나무	4.3
2019-06-27 11:50:53	user05	1986-05-05	서울	강북구	3	2018-01-01	2	60	느티나무	8.5
2019-06-27 11:50:54	user05	1986-05-05	서울	강북구	3	2018-01-01	2	61	은행나무	2.4
2019-06-27 11:50:55	user05	1986-05-05	서울	강북구	3	2018-01-01	2	62	느티나무	1.06
2019-06-27 11:50:56	user05	1986-05-05	서울	강북구	3	2018-01-01	2	68	느티나무	0.4
2019-06-27 11:50:57	user05	1986-05-05	서울	강북구	3	2018-01-01	2	67	양버즘나무	0.64
2019-06-27 11:50:58	user05	1986-05-05	서울	강북구	3	2018-01-01	2	66	느티나무	0.48
2019-06-27 11:50:59	user05	1986-05-05	서울	강북구	3	2018-01-01	2	65	느티나무	0.35
2019-06-27 11:51:00	user05	1986-05-05	서울	강북구	3	2018-01-01	2	64	양버즘나무	0.78
2019-06-27 11:51:01	user05	1986-05-05	서울	강북구	3	2018-01-01	2	63	은행나무	0.89
2019-06-27 11:51:02	user05	1986-05-05	서울	강북구	3	2018-01-01	2	69	은행나무	4.3
2019-06-27 11:51:03	user05	1986-05-05	서울	강북구	3	2018-01-01	2	70	느티나무	8.5
2019-06-27 11:51:04	user05	1986-05-05	서울	강북구	3	2018-01-01	2	71	은행나무	2.4
2019-06-27 11:51:06	user05	1986-05-05	서울	강북구	3	2018-01-01	2	72	느티나무	1.06
2019-06-27 11:51:07	user05	1986-05-05	서울	강북구	3	2018-01-01	2	66	느티나무	0.48
2019-06-27 11:51:08	user05	1986-05-05	서울	강북구	3	2018-01-01	2	67	양버즘나무	0.64
2019-06-27 11:51:09	user05	1986-05-05	서울	강북구	3	2018-01-01	2	66	느티나무	0.48
2019-06-27 11:51:10	user05	1986-05-05	서울	강북구	3	2018-01-01	2	65	느티나무	0.35
2019-06-27 11:51:11	user05	1986-05-05	서울	강북구	3	2018-01-01	2	64	양버즘나무	0.78
2019-06-27 11:51:12	user05	1986-05-05	서울	강북구	3	2018-01-01	2	65	느티나무	0.35
2019-06-27 11:51:13	user05	1986-05-05	서울	강북구	3	2018-01-01	2	66	느티나무	0.48
2019-06-27 11:51:14	user05	1986-05-05	서울	강북구	3	2018-01-01	2	67	양버즘나무	0.64
2019-06-27 11:51:15	user05	1986-05-05	서울	강북구	3	2018-01-01	2	61	은행나무	2.4
2019-06-27 11:51:16	user05	1986-05-05	서울	강북구	3	2018-01-01	2	60	느티나무	8.5
2019-06-27 11:51:17	user05	1986-05-05	서울	강북구	3	2018-01-01	2	59	은행나무	4.3
2019-06-27 11:51:18	user05	1986-05-05	서울	강북구	3	2018-01-01	2	58	은행나무	2.4
2019-06-27 11:51:18	user05	1986-05-05	서울	강북구	3	2018-01-01	2	64	양버즘나무	0.78
2019-06-27 11:51:19	user05	1986-05-05	서울	강북구	3	2018-01-01	2	65	느티나무	0.35
2019-06-27 11:51:21	user05	1986-05-05	서울	강북구	3	2018-01-01	2	66	느티나무	0.48
2019-06-27 11:51:22	user05	1986-05-05	서울	강북구	3	2018-01-01	2	57	양버즘나무+은행나무	1.8
2019-06-27 11:51:23	user05	1986-05-05	서울	강북구	3	2018-01-01	2	63	은행나무	0.89
2019-06-27 11:51:24	user05	1986-05-05	서울	강북구	3	2018-01-01	2	69	은행나무	4.3
2019-06-27 11:51:25	user05	1986-05-05	서울	강북구	3	2018-01-01	2	70	느티나무	8.5
2019-06-27 11:51:27	user05	1986-05-05	서울	강북구	3	2018-01-01	2	71	은행나무	2.4
2019-06-27 11:51:28	user05	1986-05-05	서울	강북구	3	2018-01-01	2	72	느티나무	1.06
2019-06-27 11:51:29	user05	1986-05-05	서울	강북구	3	2018-01-01	2	68	느티나무	0.4
2019-06-27 11:51:30	user05	1986-05-05	서울	강북구	3	2018-01-01	2	62	느티나무	1.06
2019-06-27 11:51:31	user05	1986-05-05	서울	강북구	3	2018-01-01	2	61	은행나무	2.4
2019-06-27 11:51:33	user05	1986-05-05	서울	강북구	3	2018-01-01	2	64	양버즘나무	0.78
2019-06-27 11:51:34	user05	1986-05-05	서울	강북구	3	2018-01-01	2	65	느티나무	0.35
2019-06-27 11:51:35	user05	1986-05-05	서울	강북구	3	2018-01-01	2	58	은행나무	2.4
2019-06-27 11:51:36	user05	1986-05-05	서울	강북구	3	2018-01-01	2	59	은행나무	4.3
2019-06-27 11:51:37	user05	1986-05-05	서울	강북구	3	2018-01-01	2	71	은행나무	2.4
2019-06-27 11:51:38	user05	1986-05-05	서울	강북구	3	2018-01-01	2	70	느티나무	8.5
2019-06-27 11:51:39	user05	1986-05-05	서울	강북구	3	2018-01-01	2	65	느티나무	0.35
2019-06-27 11:51:40	user05	1986-05-05	서울	강북구	3	2018-01-01	2	64	양버즘나무	0.78
2019-06-27 11:51:41	user05	1986-05-05	서울	강북구	3	2018-01-01	2	58	은행나무	2.4
2019-06-27 11:51:43	user05	1986-05-05	서울	강북구	3	2018-01-01	2	66	느티나무	0.48
2019-06-27 11:51:44	user05	1986-05-05	서울	강북구	3	2018-01-01	2	67	양버즘나무	0.64
2019-06-27 11:51:45	user05	1986-05-05	서울	강북구	3	2018-01-01	2	66	느티나무	0.48
2019-06-27 11:51:46	user05	1986-05-05	서울	강북구	3	2018-01-01	2	67	양버즘나무	0.64
2019-06-27 11:51:47	user05	1986-05-05	서울	강북구	3	2018-01-01	2	68	느티나무	0.4
2019-06-27 11:51:49	user05	1986-05-05	서울	강북구	3	2018-01-01	2	72	느티나무	1.06
2019-06-27 11:51:50	user05	1986-05-05	서울	강북구	3	2018-01-01	2	71	은행나무	2.4
2019-06-27 11:51:51	user05	1986-05-05	서울	강북구	3	2018-01-01	2	70	느티나무	8.5
2019-06-27 11:51:52	user05	1986-05-05	서울	강북구	3	2018-01-01	2	69	은행나무	4.3
2019-06-27 11:52:01	user07	1985-06-04	서울	마포구	2	2019-06-06	1	57	양버즘나무+은행나무	1.8
2019-06-27 11:52:02	user07	1985-06-04	서울	마포구	2	2019-06-06	1	63	은행나무	0.89
2019-06-27 11:52:03	user07	1985-06-04	서울	마포구	2	2019-06-06	1	69	은행나무	4.3
2019-06-27 11:52:04	user07	1985-06-04	서울	마포구	2	2019-06-06	1	58	은행나무	2.4
2019-06-27 11:52:05	user07	1985-06-04	서울	마포구	2	2019-06-06	1	64	양버즘나무	0.78
2019-06-27 11:52:06	user07	1985-06-04	서울	마포구	2	2019-06-06	1	70	느티나무	8.5
2019-06-27 11:52:07	user07	1985-06-04	서울	마포구	2	2019-06-06	1	71	은행나무	2.4
2019-06-27 11:52:09	user07	1985-06-04	서울	마포구	2	2019-06-06	1	65	느티나무	0.35
2019-06-27 11:52:10	user07	1985-06-04	서울	마포구	2	2019-06-06	1	59	은행나무	4.3
2019-06-27 11:52:11	user07	1985-06-04	서울	마포구	2	2019-06-06	1	60	느티나무	8.5
2019-06-27 11:52:12	user07	1985-06-04	서울	마포구	2	2019-06-06	1	66	느티나무	0.48
2019-06-27 11:52:13	user07	1985-06-04	서울	마포구	2	2019-06-06	1	72	느티나무	1.06
2019-06-27 11:52:14	user07	1985-06-04	서울	마포구	2	2019-06-06	1	67	양버즘나무	0.64
2019-06-27 11:52:15	user07	1985-06-04	서울	마포구	2	2019-06-06	1	61	은행나무	2.4
2019-06-27 11:52:16	user07	1985-06-04	서울	마포구	2	2019-06-06	1	62	느티나무	1.06
2019-06-27 11:52:17	user07	1985-06-04	서울	마포구	2	2019-06-06	1	68	느티나무	0.4
2019-06-27 11:52:23	user07	1985-06-04	서울	마포구	2	2019-06-06	1	64	양버즘나무	0.78
2019-06-27 11:52:24	user07	1985-06-04	서울	마포구	2	2019-06-06	1	65	느티나무	0.35
2019-06-27 11:52:25	user07	1985-06-04	서울	마포구	2	2019-06-06	1	66	느티나무	0.48
2019-06-27 11:52:26	user07	1985-06-04	서울	마포구	2	2019-06-06	1	67	양버즘나무	0.64
2019-06-27 11:52:27	user07	1985-06-04	서울	마포구	2	2019-06-06	1	60	느티나무	8.5
2019-06-27 11:52:28	user07	1985-06-04	서울	마포구	2	2019-06-06	1	59	은행나무	4.3
2019-06-27 11:52:29	user07	1985-06-04	서울	마포구	2	2019-06-06	1	58	은행나무	2.4
2019-06-27 11:52:30	user07	1985-06-04	서울	마포구	2	2019-06-06	1	60	느티나무	8.5
2019-06-27 11:52:31	user07	1985-06-04	서울	마포구	2	2019-06-06	1	67	양버즘나무	0.64
2019-06-27 11:52:32	user07	1985-06-04	서울	마포구	2	2019-06-06	1	72	느티나무	1.06
2019-06-27 11:52:33	user07	1985-06-04	서울	마포구	2	2019-06-06	1	71	은행나무	2.4
2019-06-27 11:52:34	user07	1985-06-04	서울	마포구	2	2019-06-06	1	70	느티나무	8.5
2019-06-27 11:52:35	user07	1985-06-04	서울	마포구	2	2019-06-06	1	69	은행나무	4.3
2019-06-27 11:52:36	user07	1985-06-04	서울	마포구	2	2019-06-06	1	63	은행나무	0.89
2019-06-27 11:52:37	user07	1985-06-04	서울	마포구	2	2019-06-06	1	57	양버즘나무+은행나무	1.8
2019-06-27 11:52:38	user07	1985-06-04	서울	마포구	2	2019-06-06	1	64	양버즘나무	0.78
2019-06-27 11:52:39	user07	1985-06-04	서울	마포구	2	2019-06-06	1	70	느티나무	8.5
2019-06-27 11:52:40	user07	1985-06-04	서울	마포구	2	2019-06-06	1	71	은행나무	2.4
2019-06-27 11:53:26	user07	1985-06-04	서울	마포구	2	2019-06-06	1	58	은행나무	2.4
2019-06-27 11:53:27	user07	1985-06-04	서울	마포구	2	2019-06-06	1	64	양버즘나무	0.78
2019-06-27 11:53:28	user07	1985-06-04	서울	마포구	2	2019-06-06	1	65	느티나무	0.35
2019-06-27 11:53:29	user07	1985-06-04	서울	마포구	2	2019-06-06	1	59	은행나무	4.3
2019-06-27 11:53:31	user07	1985-06-04	서울	마포구	2	2019-06-06	1	66	느티나무	0.48
2019-06-27 11:53:32	user07	1985-06-04	서울	마포구	2	2019-06-06	1	65	느티나무	0.35
2019-06-27 11:53:33	user07	1985-06-04	서울	마포구	2	2019-06-06	1	59	은행나무	4.3
2019-06-27 11:53:34	user07	1985-06-04	서울	마포구	2	2019-06-06	1	58	은행나무	2.4
2019-06-27 11:53:35	user07	1985-06-04	서울	마포구	2	2019-06-06	1	64	양버즘나무	0.78
2019-06-27 11:53:36	user07	1985-06-04	서울	마포구	2	2019-06-06	1	58	은행나무	2.4
2019-06-27 11:53:37	user07	1985-06-04	서울	마포구	2	2019-06-06	1	65	느티나무	0.35
2019-06-27 11:53:38	user07	1985-06-04	서울	마포구	2	2019-06-06	1	64	양버즘나무	0.78
2019-06-27 11:53:39	user07	1985-06-04	서울	마포구	2	2019-06-06	1	58	은행나무	2.4
2019-06-27 11:53:40	user07	1985-06-04	서울	마포구	2	2019-06-06	1	66	느티나무	0.48
2019-06-27 11:53:41	user07	1985-06-04	서울	마포구	2	2019-06-06	1	67	양버즘나무	0.64
2019-06-27 11:53:42	user07	1985-06-04	서울	마포구	2	2019-06-06	1	68	느티나무	0.4
2019-06-27 11:53:44	user07	1985-06-04	서울	마포구	2	2019-06-06	1	72	느티나무	1.06
2019-06-27 11:53:45	user07	1985-06-04	서울	마포구	2	2019-06-06	1	71	은행나무	2.4
2019-06-27 11:53:46	user07	1985-06-04	서울	마포구	2	2019-06-06	1	70	느티나무	8.5
2019-06-27 11:53:47	user07	1985-06-04	서울	마포구	2	2019-06-06	1	69	은행나무	4.3
2019-06-27 11:53:48	user07	1985-06-04	서울	마포구	2	2019-06-06	1	63	은행나무	0.89
2019-06-27 11:53:49	user07	1985-06-04	서울	마포구	2	2019-06-06	1	64	양버즘나무	0.78
2019-06-27 11:53:50	user07	1985-06-04	서울	마포구	2	2019-06-06	1	65	느티나무	0.35
2019-06-27 11:53:51	user07	1985-06-04	서울	마포구	2	2019-06-06	1	66	느티나무	0.48
2019-06-27 11:53:52	user07	1985-06-04	서울	마포구	2	2019-06-06	1	67	양버즘나무	0.64
2019-06-27 11:53:53	user07	1985-06-04	서울	마포구	2	2019-06-06	1	61	은행나무	2.4
2019-06-27 11:53:54	user07	1985-06-04	서울	마포구	2	2019-06-06	1	62	느티나무	1.06
2019-06-27 11:53:55	user07	1985-06-04	서울	마포구	2	2019-06-06	1	68	느티나무	0.4
2019-06-27 11:53:56	user07	1985-06-04	서울	마포구	2	2019-06-06	1	60	느티나무	8.5
2019-06-27 11:53:57	user07	1985-06-04	서울	마포구	2	2019-06-06	1	59	은행나무	4.3
2019-06-27 11:53:58	user07	1985-06-04	서울	마포구	2	2019-06-06	1	58	은행나무	2.4
2019-06-27 11:53:59	user07	1985-06-04	서울	마포구	2	2019-06-06	1	57	양버즘나무+은행나무	1.8
2019-06-27 11:54:01	user07	1985-06-04	서울	마포구	2	2019-06-06	1	64	양버즘나무	0.78
2019-06-27 11:54:02	user07	1985-06-04	서울	마포구	2	2019-06-06	1	65	느티나무	0.35
2019-06-27 11:54:03	user07	1985-06-04	서울	마포구	2	2019-06-06	1	66	느티나무	0.48
2019-06-27 11:54:35	user04	1978-04-04	서울	영등포구	1	2018-02-07	2	57	양버즘나무+은행나무	1.8
2019-06-27 11:54:36	user04	1978-04-04	서울	영등포구	1	2018-02-07	2	58	은행나무	2.4
2019-06-27 11:54:37	user04	1978-04-04	서울	영등포구	1	2018-02-07	2	59	은행나무	4.3
2019-06-27 11:54:38	user04	1978-04-04	서울	영등포구	1	2018-02-07	2	60	느티나무	8.5
2019-06-27 11:54:39	user04	1978-04-04	서울	영등포구	1	2018-02-07	2	61	은행나무	2.4
2019-06-27 11:54:40	user04	1978-04-04	서울	영등포구	1	2018-02-07	2	62	느티나무	1.06
2019-06-27 11:54:41	user04	1978-04-04	서울	영등포구	1	2018-02-07	2	68	느티나무	0.4
2019-06-27 11:54:42	user04	1978-04-04	서울	영등포구	1	2018-02-07	2	67	양버즘나무	0.64
2019-06-27 11:54:43	user04	1978-04-04	서울	영등포구	1	2018-02-07	2	66	느티나무	0.48
2019-06-27 11:54:44	user04	1978-04-04	서울	영등포구	1	2018-02-07	2	65	느티나무	0.35
2019-06-27 11:54:45	user04	1978-04-04	서울	영등포구	1	2018-02-07	2	64	양버즘나무	0.78
2019-06-27 11:54:46	user04	1978-04-04	서울	영등포구	1	2018-02-07	2	63	은행나무	0.89
2019-06-27 11:54:47	user04	1978-04-04	서울	영등포구	1	2018-02-07	2	69	은행나무	4.3
2019-06-27 11:54:48	user04	1978-04-04	서울	영등포구	1	2018-02-07	2	70	느티나무	8.5
2019-06-27 11:54:49	user04	1978-04-04	서울	영등포구	1	2018-02-07	2	71	은행나무	2.4
2019-06-27 11:54:50	user04	1978-04-04	서울	영등포구	1	2018-02-07	2	72	느티나무	1.06
2019-06-27 11:54:51	user04	1978-04-04	서울	영등포구	1	2018-02-07	2	66	느티나무	0.48
2019-06-27 11:54:52	user04	1978-04-04	서울	영등포구	1	2018-02-07	2	67	양버즘나무	0.64
2019-06-27 11:54:53	user04	1978-04-04	서울	영등포구	1	2018-02-07	2	65	느티나무	0.35
2019-06-27 11:54:55	user04	1978-04-04	서울	영등포구	1	2018-02-07	2	64	양버즘나무	0.78
2019-06-27 11:54:56	user04	1978-04-04	서울	영등포구	1	2018-02-07	2	59	은행나무	4.3
2019-06-27 11:54:58	user04	1978-04-04	서울	영등포구	1	2018-02-07	2	60	느티나무	8.5
2019-06-27 11:54:59	user04	1978-04-04	서울	영등포구	1	2018-02-07	2	61	은행나무	2.4
2019-06-27 11:55:00	user04	1978-04-04	서울	영등포구	1	2018-02-07	2	61	은행나무	2.4
2019-06-27 11:55:01	user04	1978-04-04	서울	영등포구	1	2018-02-07	2	67	양버즘나무	0.64
2019-06-27 11:55:02	user04	1978-04-04	서울	영등포구	1	2018-02-07	2	66	느티나무	0.48
2019-06-27 11:55:03	user04	1978-04-04	서울	영등포구	1	2018-02-07	2	65	느티나무	0.35
2019-06-27 11:55:04	user04	1978-04-04	서울	영등포구	1	2018-02-07	2	64	양버즘나무	0.78
2019-06-27 11:55:05	user04	1978-04-04	서울	영등포구	1	2018-02-07	2	70	느티나무	8.5
2019-06-27 11:55:06	user04	1978-04-04	서울	영등포구	1	2018-02-07	2	71	은행나무	2.4
2019-06-27 11:55:07	user04	1978-04-04	서울	영등포구	1	2018-02-07	2	64	양버즘나무	0.78
2019-06-27 11:55:08	user04	1978-04-04	서울	영등포구	1	2018-02-07	2	58	은행나무	2.4
2019-06-27 11:55:09	user04	1978-04-04	서울	영등포구	1	2018-02-07	2	65	느티나무	0.35
2019-06-27 11:55:10	user04	1978-04-04	서울	영등포구	1	2018-02-07	2	66	느티나무	0.48
2019-06-27 11:55:12	user04	1978-04-04	서울	영등포구	1	2018-02-07	2	68	느티나무	0.4
2019-06-27 11:55:13	user04	1978-04-04	서울	영등포구	1	2018-02-07	2	62	느티나무	1.06
2019-06-27 11:55:14	user04	1978-04-04	서울	영등포구	1	2018-02-07	2	61	은행나무	2.4
2019-06-27 11:55:15	user04	1978-04-04	서울	영등포구	1	2018-02-07	2	60	느티나무	8.5
2019-06-27 11:55:16	user04	1978-04-04	서울	영등포구	1	2018-02-07	2	72	느티나무	1.06
2019-06-27 11:55:17	user04	1978-04-04	서울	영등포구	1	2018-02-07	2	71	은행나무	2.4
2019-06-27 11:55:18	user04	1978-04-04	서울	영등포구	1	2018-02-07	2	70	느티나무	8.5
2019-06-27 11:55:19	user04	1978-04-04	서울	영등포구	1	2018-02-07	2	69	은행나무	4.3
2019-06-27 11:55:20	user04	1978-04-04	서울	영등포구	1	2018-02-07	2	63	은행나무	0.89
2019-06-27 11:55:21	user04	1978-04-04	서울	영등포구	1	2018-02-07	2	64	양버즘나무	0.78
2019-06-27 11:55:22	user04	1978-04-04	서울	영등포구	1	2018-02-07	2	65	느티나무	0.35
2019-06-27 11:55:23	user04	1978-04-04	서울	영등포구	1	2018-02-07	2	66	느티나무	0.48
2019-06-27 11:55:24	user04	1978-04-04	서울	영등포구	1	2018-02-07	2	67	양버즘나무	0.64
2019-06-27 11:55:25	user04	1978-04-04	서울	영등포구	1	2018-02-07	2	68	느티나무	0.4
2019-06-27 11:55:26	user04	1978-04-04	서울	영등포구	1	2018-02-07	2	62	느티나무	1.06
2019-06-27 11:55:27	user04	1978-04-04	서울	영등포구	1	2018-02-07	2	61	은행나무	2.4
2019-06-27 11:55:28	user04	1978-04-04	서울	영등포구	1	2018-02-07	2	60	느티나무	8.5
2019-06-27 11:55:29	user04	1978-04-04	서울	영등포구	1	2018-02-07	2	65	느티나무	0.35
2019-06-27 11:55:30	user04	1978-04-04	서울	영등포구	1	2018-02-07	2	59	은행나무	4.3
2019-06-27 11:55:31	user04	1978-04-04	서울	영등포구	1	2018-02-07	2	58	은행나무	2.4
2019-06-27 11:55:33	user04	1978-04-04	서울	영등포구	1	2018-02-07	2	64	양버즘나무	0.78
2019-06-27 11:55:34	user04	1978-04-04	서울	영등포구	1	2018-02-07	2	58	은행나무	2.4
2019-06-27 11:55:35	user04	1978-04-04	서울	영등포구	1	2018-02-07	2	59	은행나무	4.3
2019-06-27 11:55:36	user04	1978-04-04	서울	영등포구	1	2018-02-07	2	60	느티나무	8.5
2019-06-27 11:55:37	user04	1978-04-04	서울	영등포구	1	2018-02-07	2	59	은행나무	4.3
2019-06-27 11:55:38	user04	1978-04-04	서울	영등포구	1	2018-02-07	2	66	느티나무	0.48
2019-06-27 11:55:39	user04	1978-04-04	서울	영등포구	1	2018-02-07	2	72	느티나무	1.06
2019-06-27 11:55:41	user04	1978-04-04	서울	영등포구	1	2018-02-07	2	67	양버즘나무	0.64
2019-06-27 11:55:42	user04	1978-04-04	서울	영등포구	1	2018-02-07	2	65	느티나무	0.35
2019-06-27 11:55:51	user08	1977-06-05	서울	강서구	2	2019-06-22	1	58	은행나무	2.4
2019-06-27 11:55:52	user08	1977-06-05	서울	강서구	2	2019-06-22	1	57	양버즘나무+은행나무	1.8
2019-06-27 11:55:53	user08	1977-06-05	서울	강서구	2	2019-06-22	1	63	은행나무	0.89
2019-06-27 11:55:54	user08	1977-06-05	서울	강서구	2	2019-06-22	1	64	양버즘나무	0.78
2019-06-27 11:55:55	user08	1977-06-05	서울	강서구	2	2019-06-22	1	70	느티나무	8.5
2019-06-27 11:55:56	user08	1977-06-05	서울	강서구	2	2019-06-22	1	69	은행나무	4.3
2019-06-27 11:55:57	user08	1977-06-05	서울	강서구	2	2019-06-22	1	59	은행나무	4.3
2019-06-27 11:55:58	user08	1977-06-05	서울	강서구	2	2019-06-22	1	60	느티나무	8.5
2019-06-27 11:56:00	user08	1977-06-05	서울	강서구	2	2019-06-22	1	66	느티나무	0.48
2019-06-27 11:56:01	user08	1977-06-05	서울	강서구	2	2019-06-22	1	65	느티나무	0.35
2019-06-27 11:56:02	user08	1977-06-05	서울	강서구	2	2019-06-22	1	71	은행나무	2.4
2019-06-27 11:56:03	user08	1977-06-05	서울	강서구	2	2019-06-22	1	72	느티나무	1.06
2019-06-27 11:56:04	user08	1977-06-05	서울	강서구	2	2019-06-22	1	67	양버즘나무	0.64
2019-06-27 11:56:05	user08	1977-06-05	서울	강서구	2	2019-06-22	1	68	느티나무	0.4
2019-06-27 11:56:06	user08	1977-06-05	서울	강서구	2	2019-06-22	1	62	느티나무	1.06
2019-06-27 11:56:07	user08	1977-06-05	서울	강서구	2	2019-06-22	1	61	은행나무	2.4
2019-06-27 11:56:08	user08	1977-06-05	서울	강서구	2	2019-06-22	1	65	느티나무	0.35
2019-06-27 11:56:10	user08	1977-06-05	서울	강서구	2	2019-06-22	1	64	양버즘나무	0.78
2019-06-27 11:56:11	user08	1977-06-05	서울	강서구	2	2019-06-22	1	66	느티나무	0.48
2019-06-27 11:56:12	user08	1977-06-05	서울	강서구	2	2019-06-22	1	59	은행나무	4.3
2019-06-27 11:56:13	user08	1977-06-05	서울	강서구	2	2019-06-22	1	58	은행나무	2.4
2019-06-27 11:56:14	user08	1977-06-05	서울	강서구	2	2019-06-22	1	60	느티나무	8.5
2019-06-27 11:56:15	user08	1977-06-05	서울	강서구	2	2019-06-22	1	66	느티나무	0.48
2019-06-27 11:56:17	user08	1977-06-05	서울	강서구	2	2019-06-22	1	65	느티나무	0.35
2019-06-27 11:56:18	user08	1977-06-05	서울	강서구	2	2019-06-22	1	64	양버즘나무	0.78
2019-06-27 11:56:19	user08	1977-06-05	서울	강서구	2	2019-06-22	1	70	느티나무	8.5
2019-06-27 11:56:20	user08	1977-06-05	서울	강서구	2	2019-06-22	1	71	은행나무	2.4
2019-06-27 11:56:21	user08	1977-06-05	서울	강서구	2	2019-06-22	1	58	은행나무	2.4
2019-06-27 11:56:22	user08	1977-06-05	서울	강서구	2	2019-06-22	1	59	은행나무	4.3
2019-06-27 11:56:24	user08	1977-06-05	서울	강서구	2	2019-06-22	1	57	양버즘나무+은행나무	1.8
2019-06-27 11:56:25	user08	1977-06-05	서울	강서구	2	2019-06-22	1	63	은행나무	0.89
2019-06-27 11:56:26	user08	1977-06-05	서울	강서구	2	2019-06-22	1	69	은행나무	4.3
2019-06-27 11:56:28	user08	1977-06-05	서울	강서구	2	2019-06-22	1	64	양버즘나무	0.78
2019-06-27 11:56:29	user08	1977-06-05	서울	강서구	2	2019-06-22	1	58	은행나무	2.4
2019-06-27 11:56:30	user08	1977-06-05	서울	강서구	2	2019-06-22	1	59	은행나무	4.3
2019-06-27 11:56:31	user08	1977-06-05	서울	강서구	2	2019-06-22	1	65	느티나무	0.35
2019-06-27 11:56:32	user08	1977-06-05	서울	강서구	2	2019-06-22	1	66	느티나무	0.48
2019-06-27 11:56:33	user08	1977-06-05	서울	강서구	2	2019-06-22	1	67	양버즘나무	0.64
2019-06-27 11:56:34	user08	1977-06-05	서울	강서구	2	2019-06-22	1	68	느티나무	0.4
2019-06-27 11:56:35	user08	1977-06-05	서울	강서구	2	2019-06-22	1	62	느티나무	1.06
2019-06-27 11:56:36	user08	1977-06-05	서울	강서구	2	2019-06-22	1	61	은행나무	2.4
2019-06-27 11:56:37	user08	1977-06-05	서울	강서구	2	2019-06-22	1	60	느티나무	8.5
2019-06-27 11:56:38	user08	1977-06-05	서울	강서구	2	2019-06-22	1	66	느티나무	0.48
2019-06-27 11:56:40	user08	1977-06-05	서울	강서구	2	2019-06-22	1	72	느티나무	1.06
2019-06-27 11:56:41	user08	1977-06-05	서울	강서구	2	2019-06-22	1	71	은행나무	2.4
2019-06-27 11:56:41	user08	1977-06-05	서울	강서구	2	2019-06-22	1	70	느티나무	8.5
2019-06-27 11:56:43	user08	1977-06-05	서울	강서구	2	2019-06-22	1	64	양버즘나무	0.78
2019-06-27 11:56:44	user08	1977-06-05	서울	강서구	2	2019-06-22	1	65	느티나무	0.35
2019-06-27 11:56:45	user08	1977-06-05	서울	강서구	2	2019-06-22	1	60	느티나무	8.5
2019-06-27 11:56:46	user08	1977-06-05	서울	강서구	2	2019-06-22	1	61	은행나무	2.4
2019-06-27 11:56:47	user08	1977-06-05	서울	강서구	2	2019-06-22	1	61	은행나무	2.4
2019-06-27 11:56:48	user08	1977-06-05	서울	강서구	2	2019-06-22	1	61	은행나무	2.4
2019-06-27 11:56:50	user08	1977-06-05	서울	강서구	2	2019-06-22	1	61	은행나무	2.4
2019-06-27 11:56:51	user08	1977-06-05	서울	강서구	2	2019-06-22	1	60	느티나무	8.5
2019-06-27 11:56:59	user09	1976-03-03	서울	영등포구	3	2019-06-01	1	57	양버즘나무+은행나무	1.8
2019-06-27 11:57:00	user09	1976-03-03	서울	영등포구	3	2019-06-01	1	58	은행나무	2.4
2019-06-27 11:57:02	user09	1976-03-03	서울	영등포구	3	2019-06-01	1	59	은행나무	4.3
2019-06-27 11:57:03	user09	1976-03-03	서울	영등포구	3	2019-06-01	1	60	느티나무	8.5
2019-06-27 11:57:04	user09	1976-03-03	서울	영등포구	3	2019-06-01	1	61	은행나무	2.4
2019-06-27 11:57:05	user09	1976-03-03	서울	영등포구	3	2019-06-01	1	62	느티나무	1.06
2019-06-27 11:57:06	user09	1976-03-03	서울	영등포구	3	2019-06-01	1	68	느티나무	0.4
2019-06-27 11:57:07	user09	1976-03-03	서울	영등포구	3	2019-06-01	1	67	양버즘나무	0.64
2019-06-27 11:57:08	user09	1976-03-03	서울	영등포구	3	2019-06-01	1	66	느티나무	0.48
2019-06-27 11:57:09	user09	1976-03-03	서울	영등포구	3	2019-06-01	1	65	느티나무	0.35
2019-06-27 11:57:10	user09	1976-03-03	서울	영등포구	3	2019-06-01	1	64	양버즘나무	0.78
2019-06-27 11:57:11	user09	1976-03-03	서울	영등포구	3	2019-06-01	1	63	은행나무	0.89
2019-06-27 11:57:12	user09	1976-03-03	서울	영등포구	3	2019-06-01	1	69	은행나무	4.3
2019-06-27 11:57:13	user09	1976-03-03	서울	영등포구	3	2019-06-01	1	70	느티나무	8.5
2019-06-27 11:57:14	user09	1976-03-03	서울	영등포구	3	2019-06-01	1	71	은행나무	2.4
2019-06-27 11:57:15	user09	1976-03-03	서울	영등포구	3	2019-06-01	1	72	느티나무	1.06
2019-06-27 11:57:18	user09	1976-03-03	서울	영등포구	3	2019-06-01	1	57	양버즘나무+은행나무	1.8
2019-06-27 11:57:19	user09	1976-03-03	서울	영등포구	3	2019-06-01	1	63	은행나무	0.89
2019-06-27 11:57:20	user09	1976-03-03	서울	영등포구	3	2019-06-01	1	69	은행나무	4.3
2019-06-27 11:57:21	user09	1976-03-03	서울	영등포구	3	2019-06-01	1	70	느티나무	8.5
2019-06-27 11:57:22	user09	1976-03-03	서울	영등포구	3	2019-06-01	1	64	양버즘나무	0.78
2019-06-27 11:57:23	user09	1976-03-03	서울	영등포구	3	2019-06-01	1	58	은행나무	2.4
2019-06-27 11:57:25	user09	1976-03-03	서울	영등포구	3	2019-06-01	1	59	은행나무	4.3
2019-06-27 11:57:48	user09	1976-03-03	서울	영등포구	3	2019-06-01	1	64	양버즘나무	0.78
2019-06-27 11:57:49	user09	1976-03-03	서울	영등포구	3	2019-06-01	1	65	느티나무	0.35
2019-06-27 11:57:50	user09	1976-03-03	서울	영등포구	3	2019-06-01	1	66	느티나무	0.48
2019-06-27 11:57:51	user09	1976-03-03	서울	영등포구	3	2019-06-01	1	67	양버즘나무	0.64
2019-06-27 11:57:52	user09	1976-03-03	서울	영등포구	3	2019-06-01	1	68	느티나무	0.4
2019-06-27 11:57:53	user09	1976-03-03	서울	영등포구	3	2019-06-01	1	72	느티나무	1.06
2019-06-27 11:57:54	user09	1976-03-03	서울	영등포구	3	2019-06-01	1	71	은행나무	2.4
2019-06-27 11:57:55	user09	1976-03-03	서울	영등포구	3	2019-06-01	1	70	느티나무	8.5
2019-06-27 11:57:56	user09	1976-03-03	서울	영등포구	3	2019-06-01	1	65	느티나무	0.35
2019-06-27 11:57:57	user09	1976-03-03	서울	영등포구	3	2019-06-01	1	66	느티나무	0.48
2019-06-27 11:57:58	user09	1976-03-03	서울	영등포구	3	2019-06-01	1	65	느티나무	0.35
2019-06-27 11:57:59	user09	1976-03-03	서울	영등포구	3	2019-06-01	1	66	느티나무	0.48
2019-06-27 11:58:00	user09	1976-03-03	서울	영등포구	3	2019-06-01	1	65	느티나무	0.35
2019-06-27 11:58:01	user09	1976-03-03	서울	영등포구	3	2019-06-01	1	66	느티나무	0.48
2019-06-27 11:58:02	user09	1976-03-03	서울	영등포구	3	2019-06-01	1	65	느티나무	0.35
2019-06-27 11:58:03	user09	1976-03-03	서울	영등포구	3	2019-06-01	1	64	양버즘나무	0.78
2019-06-27 11:58:04	user09	1976-03-03	서울	영등포구	3	2019-06-01	1	65	느티나무	0.35
2019-06-27 11:58:05	user09	1976-03-03	서울	영등포구	3	2019-06-01	1	66	느티나무	0.48
2019-06-27 11:58:06	user09	1976-03-03	서울	영등포구	3	2019-06-01	1	65	느티나무	0.35
2019-06-27 11:58:07	user09	1976-03-03	서울	영등포구	3	2019-06-01	1	59	은행나무	4.3
2019-06-27 11:58:08	user09	1976-03-03	서울	영등포구	3	2019-06-01	1	60	느티나무	8.5
2019-06-27 11:58:09	user09	1976-03-03	서울	영등포구	3	2019-06-01	1	66	느티나무	0.48
2019-06-27 11:58:10	user09	1976-03-03	서울	영등포구	3	2019-06-01	1	65	느티나무	0.35
2019-06-27 11:58:11	user09	1976-03-03	서울	영등포구	3	2019-06-01	1	64	양버즘나무	0.78
2019-06-27 11:58:12	user09	1976-03-03	서울	영등포구	3	2019-06-01	1	58	은행나무	2.4
2019-06-27 11:58:13	user09	1976-03-03	서울	영등포구	3	2019-06-01	1	59	은행나무	4.3
2019-06-27 11:58:14	user09	1976-03-03	서울	영등포구	3	2019-06-01	1	65	느티나무	0.35
2019-06-27 11:58:15	user09	1976-03-03	서울	영등포구	3	2019-06-01	1	66	느티나무	0.48
2019-06-27 11:58:41	user09	1976-03-03	서울	영등포구	3	2019-06-01	1	65	느티나무	0.35
2019-06-27 11:58:42	user09	1976-03-03	서울	영등포구	3	2019-06-01	1	66	느티나무	0.48
2019-06-27 11:58:43	user09	1976-03-03	서울	영등포구	3	2019-06-01	1	60	느티나무	8.5
2019-06-27 11:58:44	user09	1976-03-03	서울	영등포구	3	2019-06-01	1	66	느티나무	0.48
2019-06-27 11:58:45	user09	1976-03-03	서울	영등포구	3	2019-06-01	1	60	느티나무	8.5
2019-06-27 11:58:46	user09	1976-03-03	서울	영등포구	3	2019-06-01	1	66	느티나무	0.48
2019-06-27 11:58:47	user09	1976-03-03	서울	영등포구	3	2019-06-01	1	60	느티나무	8.5
2019-06-27 11:58:48	user09	1976-03-03	서울	영등포구	3	2019-06-01	1	66	느티나무	0.48
2019-06-27 11:58:50	user09	1976-03-03	서울	영등포구	3	2019-06-01	1	60	느티나무	8.5
2019-06-27 11:58:50	user09	1976-03-03	서울	영등포구	3	2019-06-01	1	66	느티나무	0.48
